# JRE version: Java(TM) SE Runtime Environment (21.0.5+9) (build 21.0.5+9-LTS-239)
# Java VM: Java HotSpot(TM) 64-Bit Server VM (21.0.5+9-LTS-239, mixed mode, emulated-client, sharing, tiered, compressed oops, compressed class ptrs, g1 gc, windows-amd64)
GC Precious Log:
 CardTable entry size: 512
 Card Set container configuration: InlinePtr #cards 5 size 8 Array Of Cards #cards 12 size 40 Howl #buckets 4 coarsen threshold 1843 Howl Bitmap #cards 512 size 80 coarsen threshold 460 Card regions per heap region 1 cards per card region 2048
 CPUs: 8 total, 8 available
 Memory: 3497M
 Large Page Support: Disabled
 NUMA Support: Disabled
 Compressed Oops: Enabled (32-bit)
 Heap Region Size: 1M
 Heap Min Capacity: 8M
 Heap Initial Capacity: 56M
 Heap Max Capacity: 876M
 Pre-touch: Disabled
 Parallel Workers: 8
 Concurrent Workers: 2
 Concurrent Refinement Workers: 8
 Periodic GC: Disabled
Heap:
 garbage-first heap   total 58368K, used 32404K [0x00000000c9400000, 0x0000000100000000)
  region size 1024K, 2 young (2048K), 2 survivors (2048K)
 Metaspace       used 64873K, committed 65600K, reserved 1114112K
  class space    used 9143K, committed 9472K, reserved 1048576K
GC Heap History (20 events):
Event: 20.268 GC heap after
{Heap after GC invocations=7 (full 0):
 garbage-first heap   total 55296K, used 20039K [0x00000000c9400000, 0x0000000100000000)
  region size 1024K, 3 young (3072K), 3 survivors (3072K)
 Metaspace       used 29491K, committed 30144K, reserved 1114112K
  class space    used 4005K, committed 4288K, reserved 1048576K
}
Event: 22.365 GC heap before
{Heap before GC invocations=7 (full 0):
 garbage-first heap   total 55296K, used 44615K [0x00000000c9400000, 0x0000000100000000)
  region size 1024K, 27 young (27648K), 3 survivors (3072K)
 Metaspace       used 34684K, committed 35328K, reserved 1114112K
  class space    used 4765K, committed 5056K, reserved 1048576K
}
Event: 22.373 GC heap after
{Heap after GC invocations=8 (full 0):
 garbage-first heap   total 55296K, used 21956K [0x00000000c9400000, 0x0000000100000000)
  region size 1024K, 2 young (2048K), 2 survivors (2048K)
 Metaspace       used 34684K, committed 35328K, reserved 1114112K
  class space    used 4765K, committed 5056K, reserved 1048576K
}
Event: 22.934 GC heap before
{Heap before GC invocations=8 (full 0):
 garbage-first heap   total 55296K, used 25028K [0x00000000c9400000, 0x0000000100000000)
  region size 1024K, 6 young (6144K), 2 survivors (2048K)
 Metaspace       used 35412K, committed 35968K, reserved 1114112K
  class space    used 4865K, committed 5120K, reserved 1048576K
}
Event: 22.942 GC heap after
{Heap after GC invocations=9 (full 0):
 garbage-first heap   total 55296K, used 21837K [0x00000000c9400000, 0x0000000100000000)
  region size 1024K, 2 young (2048K), 2 survivors (2048K)
 Metaspace       used 35412K, committed 35968K, reserved 1114112K
  class space    used 4865K, committed 5120K, reserved 1048576K
}
Event: 26.606 GC heap before
{Heap before GC invocations=10 (full 0):
 garbage-first heap   total 55296K, used 46413K [0x00000000c9400000, 0x0000000100000000)
  region size 1024K, 27 young (27648K), 2 survivors (2048K)
 Metaspace       used 41208K, committed 41856K, reserved 1114112K
  class space    used 5687K, committed 5952K, reserved 1048576K
}
Event: 26.623 GC heap after
{Heap after GC invocations=11 (full 0):
 garbage-first heap   total 55296K, used 23258K [0x00000000c9400000, 0x0000000100000000)
  region size 1024K, 4 young (4096K), 4 survivors (4096K)
 Metaspace       used 41208K, committed 41856K, reserved 1114112K
  class space    used 5687K, committed 5952K, reserved 1048576K
}
Event: 29.747 GC heap before
{Heap before GC invocations=11 (full 0):
 garbage-first heap   total 55296K, used 45786K [0x00000000c9400000, 0x0000000100000000)
  region size 1024K, 26 young (26624K), 4 survivors (4096K)
 Metaspace       used 45496K, committed 46144K, reserved 1114112K
  class space    used 6253K, committed 6528K, reserved 1048576K
}
Event: 29.773 GC heap after
{Heap after GC invocations=12 (full 0):
 garbage-first heap   total 55296K, used 24503K [0x00000000c9400000, 0x0000000100000000)
  region size 1024K, 4 young (4096K), 4 survivors (4096K)
 Metaspace       used 45496K, committed 46144K, reserved 1114112K
  class space    used 6253K, committed 6528K, reserved 1048576K
}
Event: 34.355 GC heap before
{Heap before GC invocations=12 (full 0):
 garbage-first heap   total 55296K, used 44983K [0x00000000c9400000, 0x0000000100000000)
  region size 1024K, 25 young (25600K), 4 survivors (4096K)
 Metaspace       used 51586K, committed 52224K, reserved 1114112K
  class space    used 7218K, committed 7488K, reserved 1048576K
}
Event: 34.380 GC heap after
{Heap after GC invocations=13 (full 0):
 garbage-first heap   total 55296K, used 25683K [0x00000000c9400000, 0x0000000100000000)
  region size 1024K, 3 young (3072K), 3 survivors (3072K)
 Metaspace       used 51586K, committed 52224K, reserved 1114112K
  class space    used 7218K, committed 7488K, reserved 1048576K
}
Event: 39.980 GC heap before
{Heap before GC invocations=13 (full 0):
 garbage-first heap   total 55296K, used 46163K [0x00000000c9400000, 0x0000000100000000)
  region size 1024K, 24 young (24576K), 3 survivors (3072K)
 Metaspace       used 54658K, committed 55360K, reserved 1114112K
  class space    used 7685K, committed 8000K, reserved 1048576K
}
Event: 39.995 GC heap after
{Heap after GC invocations=14 (full 0):
 garbage-first heap   total 55296K, used 26175K [0x00000000c9400000, 0x0000000100000000)
  region size 1024K, 2 young (2048K), 2 survivors (2048K)
 Metaspace       used 54658K, committed 55360K, reserved 1114112K
  class space    used 7685K, committed 8000K, reserved 1048576K
}
Event: 65.117 GC heap before
{Heap before GC invocations=14 (full 0):
 garbage-first heap   total 55296K, used 47679K [0x00000000c9400000, 0x0000000100000000)
  region size 1024K, 23 young (23552K), 2 survivors (2048K)
 Metaspace       used 57522K, committed 58304K, reserved 1114112K
  class space    used 8078K, committed 8448K, reserved 1048576K
}
Event: 65.222 GC heap after
{Heap after GC invocations=15 (full 0):
 garbage-first heap   total 55296K, used 27661K [0x00000000c9400000, 0x0000000100000000)
  region size 1024K, 3 young (3072K), 3 survivors (3072K)
 Metaspace       used 57522K, committed 58304K, reserved 1114112K
  class space    used 8078K, committed 8448K, reserved 1048576K
}
Event: 67.346 GC heap before
{Heap before GC invocations=16 (full 0):
 garbage-first heap   total 55296K, used 47117K [0x00000000c9400000, 0x0000000100000000)
  region size 1024K, 22 young (22528K), 3 survivors (3072K)
 Metaspace       used 59926K, committed 60608K, reserved 1114112K
  class space    used 8451K, committed 8768K, reserved 1048576K
}
Event: 67.361 GC heap after
{Heap after GC invocations=17 (full 0):
 garbage-first heap   total 55296K, used 29121K [0x00000000c9400000, 0x0000000100000000)
  region size 1024K, 3 young (3072K), 3 survivors (3072K)
 Metaspace       used 59926K, committed 60608K, reserved 1114112K
  class space    used 8451K, committed 8768K, reserved 1048576K
}
Event: 68.324 GC heap before
{Heap before GC invocations=17 (full 0):
 garbage-first heap   total 55296K, used 47553K [0x00000000c9400000, 0x0000000100000000)
  region size 1024K, 21 young (21504K), 3 survivors (3072K)
 Metaspace       used 61717K, committed 62400K, reserved 1114112K
  class space    used 8706K, committed 9024K, reserved 1048576K
}
Event: 68.363 GC heap after
{Heap after GC invocations=18 (full 0):
 garbage-first heap   total 56320K, used 30352K [0x00000000c9400000, 0x0000000100000000)
  region size 1024K, 3 young (3072K), 3 survivors (3072K)
 Metaspace       used 61717K, committed 62400K, reserved 1114112K
  class space    used 8706K, committed 9024K, reserved 1048576K
}
Event: 77.635 GC heap before
{Heap before GC invocations=18 (full 0):
 garbage-first heap   total 56320K, used 46736K [0x00000000c9400000, 0x0000000100000000)
  region size 1024K, 20 young (20480K), 3 survivors (3072K)
 Metaspace       used 64873K, committed 65600K, reserved 1114112K
  class space    used 9143K, committed 9472K, reserved 1048576K
}

