# JRE version: Java(TM) SE Runtime Environment (21.0.5+9) (build 21.0.5+9-LTS-239)
# Java VM: Java HotSpot(TM) 64-Bit Server VM (21.0.5+9-LTS-239, mixed mode, emulated-client, sharing, tiered, compressed oops, compressed class ptrs, g1 gc, windows-amd64)
GC Precious Log:
 CardTable entry size: 512
 Card Set container configuration: InlinePtr #cards 5 size 8 Array Of Cards #cards 12 size 40 Howl #buckets 4 coarsen threshold 1843 Howl Bitmap #cards 512 size 80 coarsen threshold 460 Card regions per heap region 1 cards per card region 2048
 CPUs: 8 total, 8 available
 Memory: 3497M
 Large Page Support: Disabled
 NUMA Support: Disabled
 Compressed Oops: Enabled (32-bit)
 Heap Region Size: 1M
 Heap Min Capacity: 8M
 Heap Initial Capacity: 56M
 Heap Max Capacity: 876M
 Pre-touch: Disabled
 Parallel Workers: 8
 Concurrent Workers: 2
 Concurrent Refinement Workers: 8
 Periodic GC: Disabled
Heap:
 garbage-first heap   total 99328K, used 78140K [0x00000000c9400000, 0x0000000100000000)
  region size 1024K, 20 young (20480K), 4 survivors (4096K)
 Metaspace       used 65800K, committed 66496K, reserved 1114112K
  class space    used 9605K, committed 9920K, reserved 1048576K
GC Heap History (20 events):
Event: 11.446 GC heap before
{Heap before GC invocations=10 (full 0):
 garbage-first heap   total 66560K, used 55129K [0x00000000c9400000, 0x0000000100000000)
  region size 1024K, 34 young (34816K), 2 survivors (2048K)
 Metaspace       used 43464K, committed 44096K, reserved 1114112K
  class space    used 6035K, committed 6336K, reserved 1048576K
}
Event: 11.451 GC heap after
{Heap after GC invocations=11 (full 0):
 garbage-first heap   total 66560K, used 24953K [0x00000000c9400000, 0x0000000100000000)
  region size 1024K, 4 young (4096K), 4 survivors (4096K)
 Metaspace       used 43464K, committed 44096K, reserved 1114112K
  class space    used 6035K, committed 6336K, reserved 1048576K
}
Event: 13.049 GC heap before
{Heap before GC invocations=11 (full 0):
 garbage-first heap   total 66560K, used 56697K [0x00000000c9400000, 0x0000000100000000)
  region size 1024K, 35 young (35840K), 4 survivors (4096K)
 Metaspace       used 49232K, committed 49920K, reserved 1114112K
  class space    used 6780K, committed 7104K, reserved 1048576K
}
Event: 13.058 GC heap after
{Heap after GC invocations=12 (full 0):
 garbage-first heap   total 66560K, used 26433K [0x00000000c9400000, 0x0000000100000000)
  region size 1024K, 4 young (4096K), 4 survivors (4096K)
 Metaspace       used 49232K, committed 49920K, reserved 1114112K
  class space    used 6780K, committed 7104K, reserved 1048576K
}
Event: 14.419 GC heap before
{Heap before GC invocations=12 (full 0):
 garbage-first heap   total 66560K, used 58177K [0x00000000c9400000, 0x0000000100000000)
  region size 1024K, 35 young (35840K), 4 survivors (4096K)
 Metaspace       used 55564K, committed 56192K, reserved 1114112K
  class space    used 7838K, committed 8128K, reserved 1048576K
}
Event: 14.426 GC heap after
{Heap after GC invocations=13 (full 0):
 garbage-first heap   total 66560K, used 27681K [0x00000000c9400000, 0x0000000100000000)
  region size 1024K, 4 young (4096K), 4 survivors (4096K)
 Metaspace       used 55564K, committed 56192K, reserved 1114112K
  class space    used 7838K, committed 8128K, reserved 1048576K
}
Event: 18.021 GC heap before
{Heap before GC invocations=13 (full 0):
 garbage-first heap   total 66560K, used 55329K [0x00000000c9400000, 0x0000000100000000)
  region size 1024K, 32 young (32768K), 4 survivors (4096K)
 Metaspace       used 59775K, committed 60480K, reserved 1114112K
  class space    used 8452K, committed 8768K, reserved 1048576K
}
Event: 18.029 GC heap after
{Heap after GC invocations=14 (full 0):
 garbage-first heap   total 66560K, used 29191K [0x00000000c9400000, 0x0000000100000000)
  region size 1024K, 3 young (3072K), 3 survivors (3072K)
 Metaspace       used 59775K, committed 60480K, reserved 1114112K
  class space    used 8452K, committed 8768K, reserved 1048576K
}
Event: 19.091 GC heap before
{Heap before GC invocations=15 (full 0):
 garbage-first heap   total 66560K, used 58887K [0x00000000c9400000, 0x0000000100000000)
  region size 1024K, 32 young (32768K), 3 survivors (3072K)
 Metaspace       used 64029K, committed 64704K, reserved 1114112K
  class space    used 9224K, committed 9536K, reserved 1048576K
}
Event: 19.098 GC heap after
{Heap after GC invocations=16 (full 0):
 garbage-first heap   total 66560K, used 31713K [0x00000000c9400000, 0x0000000100000000)
  region size 1024K, 4 young (4096K), 4 survivors (4096K)
 Metaspace       used 64029K, committed 64704K, reserved 1114112K
  class space    used 9224K, committed 9536K, reserved 1048576K
}
Event: 19.191 GC heap before
{Heap before GC invocations=16 (full 0):
 garbage-first heap   total 66560K, used 58337K [0x00000000c9400000, 0x0000000100000000)
  region size 1024K, 30 young (30720K), 4 survivors (4096K)
 Metaspace       used 64058K, committed 64768K, reserved 1114112K
  class space    used 9229K, committed 9536K, reserved 1048576K
}
Event: 19.206 GC heap after
{Heap after GC invocations=17 (full 0):
 garbage-first heap   total 71680K, used 38971K [0x00000000c9400000, 0x0000000100000000)
  region size 1024K, 4 young (4096K), 4 survivors (4096K)
 Metaspace       used 64058K, committed 64768K, reserved 1114112K
  class space    used 9229K, committed 9536K, reserved 1048576K
}
Event: 19.273 GC heap before
{Heap before GC invocations=17 (full 0):
 garbage-first heap   total 71680K, used 59451K [0x00000000c9400000, 0x0000000100000000)
  region size 1024K, 24 young (24576K), 4 survivors (4096K)
 Metaspace       used 64058K, committed 64768K, reserved 1114112K
  class space    used 9229K, committed 9536K, reserved 1048576K
}
Event: 19.285 GC heap after
{Heap after GC invocations=18 (full 0):
 garbage-first heap   total 72704K, used 48115K [0x00000000c9400000, 0x0000000100000000)
  region size 1024K, 3 young (3072K), 3 survivors (3072K)
 Metaspace       used 64058K, committed 64768K, reserved 1114112K
  class space    used 9229K, committed 9536K, reserved 1048576K
}
Event: 19.357 GC heap before
{Heap before GC invocations=19 (full 0):
 garbage-first heap   total 99328K, used 63475K [0x00000000c9400000, 0x0000000100000000)
  region size 1024K, 17 young (17408K), 3 survivors (3072K)
 Metaspace       used 64058K, committed 64768K, reserved 1114112K
  class space    used 9229K, committed 9536K, reserved 1048576K
}
Event: 19.366 GC heap after
{Heap after GC invocations=20 (full 0):
 garbage-first heap   total 99328K, used 55054K [0x00000000c9400000, 0x0000000100000000)
  region size 1024K, 3 young (3072K), 3 survivors (3072K)
 Metaspace       used 64058K, committed 64768K, reserved 1114112K
  class space    used 9229K, committed 9536K, reserved 1048576K
}
Event: 19.452 GC heap before
{Heap before GC invocations=20 (full 0):
 garbage-first heap   total 99328K, used 78606K [0x00000000c9400000, 0x0000000100000000)
  region size 1024K, 26 young (26624K), 3 survivors (3072K)
 Metaspace       used 64060K, committed 64768K, reserved 1114112K
  class space    used 9230K, committed 9536K, reserved 1048576K
}
Event: 19.457 GC heap after
{Heap after GC invocations=21 (full 0):
 garbage-first heap   total 99328K, used 56075K [0x00000000c9400000, 0x0000000100000000)
  region size 1024K, 1 young (1024K), 1 survivors (1024K)
 Metaspace       used 64060K, committed 64768K, reserved 1114112K
  class space    used 9230K, committed 9536K, reserved 1048576K
}
Event: 19.717 GC heap before
{Heap before GC invocations=21 (full 0):
 garbage-first heap   total 99328K, used 80651K [0x00000000c9400000, 0x0000000100000000)
  region size 1024K, 26 young (26624K), 1 survivors (1024K)
 Metaspace       used 65798K, committed 66496K, reserved 1114112K
  class space    used 9605K, committed 9920K, reserved 1048576K
}
Event: 19.726 GC heap after
{Heap after GC invocations=22 (full 0):
 garbage-first heap   total 99328K, used 63804K [0x00000000c9400000, 0x0000000100000000)
  region size 1024K, 4 young (4096K), 4 survivors (4096K)
 Metaspace       used 65798K, committed 66496K, reserved 1114112K
  class space    used 9605K, committed 9920K, reserved 1048576K
}

