# JRE version: Java(TM) SE Runtime Environment (21.0.5+9) (build 21.0.5+9-LTS-239)
# Java VM: Java HotSpot(TM) 64-Bit Server VM (21.0.5+9-LTS-239, mixed mode, emulated-client, sharing, tiered, compressed oops, compressed class ptrs, g1 gc, windows-amd64)
GC Precious Log:
 CardTable entry size: 512
 Card Set container configuration: InlinePtr #cards 5 size 8 Array Of Cards #cards 12 size 40 Howl #buckets 4 coarsen threshold 1843 Howl Bitmap #cards 512 size 80 coarsen threshold 460 Card regions per heap region 1 cards per card region 2048
 CPUs: 8 total, 8 available
 Memory: 3497M
 Large Page Support: Disabled
 NUMA Support: Disabled
 Compressed Oops: Enabled (32-bit)
 Heap Region Size: 1M
 Heap Min Capacity: 8M
 Heap Initial Capacity: 56M
 Heap Max Capacity: 876M
 Pre-touch: Disabled
 Parallel Workers: 8
 Concurrent Workers: 2
 Concurrent Refinement Workers: 8
 Periodic GC: Disabled
Heap:
 garbage-first heap   total 101376K, used 55103K [0x00000000c9400000, 0x0000000100000000)
  region size 1024K, 2 young (2048K), 2 survivors (2048K)
 Metaspace       used 64924K, committed 65664K, reserved 1114112K
  class space    used 9351K, committed 9664K, reserved 1048576K
GC Heap History (20 events):
Event: 14.064 GC heap after
{Heap after GC invocations=12 (full 0):
 garbage-first heap   total 55296K, used 24981K [0x00000000c9400000, 0x0000000100000000)
  region size 1024K, 3 young (3072K), 3 survivors (3072K)
 Metaspace       used 46364K, committed 47040K, reserved 1114112K
  class space    used 6448K, committed 6720K, reserved 1048576K
}
Event: 14.782 GC heap before
{Heap before GC invocations=12 (full 0):
 garbage-first heap   total 55296K, used 46485K [0x00000000c9400000, 0x0000000100000000)
  region size 1024K, 25 young (25600K), 3 survivors (3072K)
 Metaspace       used 50516K, committed 51200K, reserved 1114112K
  class space    used 6977K, committed 7296K, reserved 1048576K
}
Event: 14.786 GC heap after
{Heap after GC invocations=13 (full 0):
 garbage-first heap   total 55296K, used 26546K [0x00000000c9400000, 0x0000000100000000)
  region size 1024K, 4 young (4096K), 4 survivors (4096K)
 Metaspace       used 50516K, committed 51200K, reserved 1114112K
  class space    used 6977K, committed 7296K, reserved 1048576K
}
Event: 15.470 GC heap before
{Heap before GC invocations=13 (full 0):
 garbage-first heap   total 55296K, used 44978K [0x00000000c9400000, 0x0000000100000000)
  region size 1024K, 23 young (23552K), 4 survivors (4096K)
 Metaspace       used 55474K, committed 56128K, reserved 1114112K
  class space    used 7825K, committed 8128K, reserved 1048576K
}
Event: 15.474 GC heap after
{Heap after GC invocations=14 (full 0):
 garbage-first heap   total 55296K, used 27161K [0x00000000c9400000, 0x0000000100000000)
  region size 1024K, 2 young (2048K), 2 survivors (2048K)
 Metaspace       used 55474K, committed 56128K, reserved 1114112K
  class space    used 7825K, committed 8128K, reserved 1048576K
}
Event: 15.841 GC heap before
{Heap before GC invocations=14 (full 0):
 garbage-first heap   total 55296K, used 48665K [0x00000000c9400000, 0x0000000100000000)
  region size 1024K, 23 young (23552K), 2 survivors (2048K)
 Metaspace       used 57714K, committed 58368K, reserved 1114112K
  class space    used 8153K, committed 8448K, reserved 1048576K
}
Event: 15.844 GC heap after
{Heap after GC invocations=15 (full 0):
 garbage-first heap   total 55296K, used 28023K [0x00000000c9400000, 0x0000000100000000)
  region size 1024K, 2 young (2048K), 2 survivors (2048K)
 Metaspace       used 57714K, committed 58368K, reserved 1114112K
  class space    used 8153K, committed 8448K, reserved 1048576K
}
Event: 17.842 GC heap before
{Heap before GC invocations=16 (full 0):
 garbage-first heap   total 55296K, used 47479K [0x00000000c9400000, 0x0000000100000000)
  region size 1024K, 22 young (22528K), 2 survivors (2048K)
 Metaspace       used 60488K, committed 61248K, reserved 1114112K
  class space    used 8620K, committed 8960K, reserved 1048576K
}
Event: 17.847 GC heap after
{Heap after GC invocations=17 (full 0):
 garbage-first heap   total 55296K, used 29602K [0x00000000c9400000, 0x0000000100000000)
  region size 1024K, 3 young (3072K), 3 survivors (3072K)
 Metaspace       used 60488K, committed 61248K, reserved 1114112K
  class space    used 8620K, committed 8960K, reserved 1048576K
}
Event: 18.304 GC heap before
{Heap before GC invocations=17 (full 0):
 garbage-first heap   total 55296K, used 48034K [0x00000000c9400000, 0x0000000100000000)
  region size 1024K, 21 young (21504K), 3 survivors (3072K)
 Metaspace       used 64596K, committed 65280K, reserved 1114112K
  class space    used 9305K, committed 9600K, reserved 1048576K
}
Event: 18.309 GC heap after
{Heap after GC invocations=18 (full 0):
 garbage-first heap   total 55296K, used 31274K [0x00000000c9400000, 0x0000000100000000)
  region size 1024K, 2 young (2048K), 2 survivors (2048K)
 Metaspace       used 64596K, committed 65280K, reserved 1114112K
  class space    used 9305K, committed 9600K, reserved 1048576K
}
Event: 18.493 GC heap before
{Heap before GC invocations=18 (full 0):
 garbage-first heap   total 55296K, used 48682K [0x00000000c9400000, 0x0000000100000000)
  region size 1024K, 19 young (19456K), 2 survivors (2048K)
 Metaspace       used 64924K, committed 65664K, reserved 1114112K
  class space    used 9351K, committed 9664K, reserved 1048576K
}
Event: 18.497 GC heap after
{Heap after GC invocations=19 (full 0):
 garbage-first heap   total 55296K, used 34098K [0x00000000c9400000, 0x0000000100000000)
  region size 1024K, 3 young (3072K), 3 survivors (3072K)
 Metaspace       used 64924K, committed 65664K, reserved 1114112K
  class space    used 9351K, committed 9664K, reserved 1048576K
}
Event: 18.561 GC heap before
{Heap before GC invocations=20 (full 0):
 garbage-first heap   total 71680K, used 47410K [0x00000000c9400000, 0x0000000100000000)
  region size 1024K, 16 young (16384K), 3 survivors (3072K)
 Metaspace       used 64924K, committed 65664K, reserved 1114112K
  class space    used 9351K, committed 9664K, reserved 1048576K
}
Event: 18.569 GC heap after
{Heap after GC invocations=21 (full 0):
 garbage-first heap   total 71680K, used 39001K [0x00000000c9400000, 0x0000000100000000)
  region size 1024K, 2 young (2048K), 2 survivors (2048K)
 Metaspace       used 64924K, committed 65664K, reserved 1114112K
  class space    used 9351K, committed 9664K, reserved 1048576K
}
Event: 18.635 GC heap before
{Heap before GC invocations=21 (full 0):
 garbage-first heap   total 71680K, used 57433K [0x00000000c9400000, 0x0000000100000000)
  region size 1024K, 21 young (21504K), 2 survivors (2048K)
 Metaspace       used 64924K, committed 65664K, reserved 1114112K
  class space    used 9351K, committed 9664K, reserved 1048576K
}
Event: 18.645 GC heap after
{Heap after GC invocations=22 (full 0):
 garbage-first heap   total 71680K, used 45985K [0x00000000c9400000, 0x0000000100000000)
  region size 1024K, 3 young (3072K), 3 survivors (3072K)
 Metaspace       used 64924K, committed 65664K, reserved 1114112K
  class space    used 9351K, committed 9664K, reserved 1048576K
}
Event: 18.682 GC heap before
{Heap before GC invocations=22 (full 0):
 garbage-first heap   total 71680K, used 58273K [0x00000000c9400000, 0x0000000100000000)
  region size 1024K, 16 young (16384K), 3 survivors (3072K)
 Metaspace       used 64924K, committed 65664K, reserved 1114112K
  class space    used 9351K, committed 9664K, reserved 1048576K
}
Event: 18.690 GC heap after
{Heap after GC invocations=23 (full 0):
 garbage-first heap   total 71680K, used 51054K [0x00000000c9400000, 0x0000000100000000)
  region size 1024K, 3 young (3072K), 3 survivors (3072K)
 Metaspace       used 64924K, committed 65664K, reserved 1114112K
  class space    used 9351K, committed 9664K, reserved 1048576K
}
Event: 18.749 GC heap before
{Heap before GC invocations=23 (full 0):
 garbage-first heap   total 101376K, used 62318K [0x00000000c9400000, 0x0000000100000000)
  region size 1024K, 13 young (13312K), 3 survivors (3072K)
 Metaspace       used 64924K, committed 65664K, reserved 1114112K
  class space    used 9351K, committed 9664K, reserved 1048576K
}

