# JRE version: Java(TM) SE Runtime Environment (21.0.5+9) (build 21.0.5+9-LTS-239)
# Java VM: Java HotSpot(TM) 64-Bit Server VM (21.0.5+9-LTS-239, mixed mode, emulated-client, sharing, tiered, compressed oops, compressed class ptrs, g1 gc, windows-amd64)
GC Precious Log:
 CardTable entry size: 512
 Card Set container configuration: InlinePtr #cards 5 size 8 Array Of Cards #cards 12 size 40 Howl #buckets 4 coarsen threshold 1843 Howl Bitmap #cards 512 size 80 coarsen threshold 460 Card regions per heap region 1 cards per card region 2048
 CPUs: 8 total, 8 available
 Memory: 3497M
 Large Page Support: Disabled
 NUMA Support: Disabled
 Compressed Oops: Enabled (32-bit)
 Heap Region Size: 1M
 Heap Min Capacity: 8M
 Heap Initial Capacity: 56M
 Heap Max Capacity: 876M
 Pre-touch: Disabled
 Parallel Workers: 8
 Concurrent Workers: 2
 Concurrent Refinement Workers: 8
 Periodic GC: Disabled
Heap:
 garbage-first heap   total 102400K, used 64581K [0x00000000c9400000, 0x0000000100000000)
  region size 1024K, 4 young (4096K), 4 survivors (4096K)
 Metaspace       used 66515K, committed 67264K, reserved 1114112K
  class space    used 9709K, committed 10048K, reserved 1048576K
GC Heap History (20 events):
Event: 11.969 GC heap after
{Heap after GC invocations=11 (full 0):
 garbage-first heap   total 69632K, used 25069K [0x00000000c9400000, 0x0000000100000000)
  region size 1024K, 4 young (4096K), 4 survivors (4096K)
 Metaspace       used 44111K, committed 44736K, reserved 1114112K
  class space    used 6152K, committed 6400K, reserved 1048576K
}
Event: 13.354 GC heap before
{Heap before GC invocations=11 (full 0):
 garbage-first heap   total 69632K, used 58861K [0x00000000c9400000, 0x0000000100000000)
  region size 1024K, 37 young (37888K), 4 survivors (4096K)
 Metaspace       used 50952K, committed 51648K, reserved 1114112K
  class space    used 7017K, committed 7360K, reserved 1048576K
}
Event: 13.362 GC heap after
{Heap after GC invocations=12 (full 0):
 garbage-first heap   total 69632K, used 26888K [0x00000000c9400000, 0x0000000100000000)
  region size 1024K, 5 young (5120K), 5 survivors (5120K)
 Metaspace       used 50952K, committed 51648K, reserved 1114112K
  class space    used 7017K, committed 7360K, reserved 1048576K
}
Event: 14.296 GC heap before
{Heap before GC invocations=12 (full 0):
 garbage-first heap   total 69632K, used 57608K [0x00000000c9400000, 0x0000000100000000)
  region size 1024K, 36 young (36864K), 5 survivors (5120K)
 Metaspace       used 55549K, committed 56256K, reserved 1114112K
  class space    used 7841K, committed 8192K, reserved 1048576K
}
Event: 14.302 GC heap after
{Heap after GC invocations=13 (full 0):
 garbage-first heap   total 69632K, used 27812K [0x00000000c9400000, 0x0000000100000000)
  region size 1024K, 3 young (3072K), 3 survivors (3072K)
 Metaspace       used 55549K, committed 56256K, reserved 1114112K
  class space    used 7841K, committed 8192K, reserved 1048576K
}
Event: 16.812 GC heap before
{Heap before GC invocations=13 (full 0):
 garbage-first heap   total 69632K, used 49316K [0x00000000c9400000, 0x0000000100000000)
  region size 1024K, 25 young (25600K), 3 survivors (3072K)
 Metaspace       used 59769K, committed 60480K, reserved 1114112K
  class space    used 8449K, committed 8768K, reserved 1048576K
}
Event: 16.819 GC heap after
{Heap after GC invocations=14 (full 0):
 garbage-first heap   total 69632K, used 29190K [0x00000000c9400000, 0x0000000100000000)
  region size 1024K, 3 young (3072K), 3 survivors (3072K)
 Metaspace       used 59769K, committed 60480K, reserved 1114112K
  class space    used 8449K, committed 8768K, reserved 1048576K
}
Event: 17.793 GC heap before
{Heap before GC invocations=15 (full 0):
 garbage-first heap   total 69632K, used 60934K [0x00000000c9400000, 0x0000000100000000)
  region size 1024K, 34 young (34816K), 3 survivors (3072K)
 Metaspace       used 64753K, committed 65472K, reserved 1114112K
  class space    used 9327K, committed 9664K, reserved 1048576K
}
Event: 17.800 GC heap after
{Heap after GC invocations=16 (full 0):
 garbage-first heap   total 69632K, used 31955K [0x00000000c9400000, 0x0000000100000000)
  region size 1024K, 5 young (5120K), 5 survivors (5120K)
 Metaspace       used 64753K, committed 65472K, reserved 1114112K
  class space    used 9327K, committed 9664K, reserved 1048576K
}
Event: 17.912 GC heap before
{Heap before GC invocations=16 (full 0):
 garbage-first heap   total 69632K, used 59603K [0x00000000c9400000, 0x0000000100000000)
  region size 1024K, 32 young (32768K), 5 survivors (5120K)
 Metaspace       used 64783K, committed 65536K, reserved 1114112K
  class space    used 9332K, committed 9664K, reserved 1048576K
}
Event: 17.925 GC heap after
{Heap after GC invocations=17 (full 0):
 garbage-first heap   total 73728K, used 39395K [0x00000000c9400000, 0x0000000100000000)
  region size 1024K, 4 young (4096K), 4 survivors (4096K)
 Metaspace       used 64783K, committed 65536K, reserved 1114112K
  class space    used 9332K, committed 9664K, reserved 1048576K
}
Event: 17.996 GC heap before
{Heap before GC invocations=17 (full 0):
 garbage-first heap   total 73728K, used 61923K [0x00000000c9400000, 0x0000000100000000)
  region size 1024K, 26 young (26624K), 4 survivors (4096K)
 Metaspace       used 64783K, committed 65536K, reserved 1114112K
  class space    used 9332K, committed 9664K, reserved 1048576K
}
Event: 18.010 GC heap after
{Heap after GC invocations=18 (full 0):
 garbage-first heap   total 75776K, used 49152K [0x00000000c9400000, 0x0000000100000000)
  region size 1024K, 4 young (4096K), 4 survivors (4096K)
 Metaspace       used 64783K, committed 65536K, reserved 1114112K
  class space    used 9332K, committed 9664K, reserved 1048576K
}
Event: 18.088 GC heap before
{Heap before GC invocations=18 (full 0):
 garbage-first heap   total 102400K, used 65536K [0x00000000c9400000, 0x0000000100000000)
  region size 1024K, 19 young (19456K), 4 survivors (4096K)
 Metaspace       used 64783K, committed 65536K, reserved 1114112K
  class space    used 9332K, committed 9664K, reserved 1048576K
}
Event: 18.097 GC heap after
{Heap after GC invocations=19 (full 0):
 garbage-first heap   total 102400K, used 54901K [0x00000000c9400000, 0x0000000100000000)
  region size 1024K, 3 young (3072K), 3 survivors (3072K)
 Metaspace       used 64783K, committed 65536K, reserved 1114112K
  class space    used 9332K, committed 9664K, reserved 1048576K
}
Event: 18.371 GC heap before
{Heap before GC invocations=20 (full 0):
 garbage-first heap   total 102400K, used 81525K [0x00000000c9400000, 0x0000000100000000)
  region size 1024K, 30 young (30720K), 3 survivors (3072K)
 Metaspace       used 66473K, committed 67200K, reserved 1114112K
  class space    used 9708K, committed 10048K, reserved 1048576K
}
Event: 18.375 GC heap after
{Heap after GC invocations=21 (full 0):
 garbage-first heap   total 102400K, used 57149K [0x00000000c9400000, 0x0000000100000000)
  region size 1024K, 2 young (2048K), 2 survivors (2048K)
 Metaspace       used 66473K, committed 67200K, reserved 1114112K
  class space    used 9708K, committed 10048K, reserved 1048576K
}
Event: 18.527 GC heap before
{Heap before GC invocations=21 (full 0):
 garbage-first heap   total 102400K, used 84797K [0x00000000c9400000, 0x0000000100000000)
  region size 1024K, 29 young (29696K), 2 survivors (2048K)
 Metaspace       used 66508K, committed 67264K, reserved 1114112K
  class space    used 9709K, committed 10048K, reserved 1048576K
}
Event: 18.530 GC heap after
{Heap after GC invocations=22 (full 0):
 garbage-first heap   total 102400K, used 57454K [0x00000000c9400000, 0x0000000100000000)
  region size 1024K, 2 young (2048K), 2 survivors (2048K)
 Metaspace       used 66508K, committed 67264K, reserved 1114112K
  class space    used 9709K, committed 10048K, reserved 1048576K
}
Event: 18.620 GC heap before
{Heap before GC invocations=22 (full 0):
 garbage-first heap   total 102400K, used 87150K [0x00000000c9400000, 0x0000000100000000)
  region size 1024K, 31 young (31744K), 2 survivors (2048K)
 Metaspace       used 66515K, committed 67264K, reserved 1114112K
  class space    used 9709K, committed 10048K, reserved 1048576K
}

